[debug] [2019-08-05T06:17:30.134Z] ----------------------------------------------------------------------
[debug] [2019-08-05T06:17:30.139Z] Command:       /usr/bin/node /usr/local/bin/firebase deploy
[debug] [2019-08-05T06:17:30.139Z] CLI Version:   7.2.1
[debug] [2019-08-05T06:17:30.140Z] Platform:      linux
[debug] [2019-08-05T06:17:30.140Z] Node Version:  v10.15.2
[debug] [2019-08-05T06:17:30.147Z] Time:          Sun Aug 04 2019 23:17:30 GMT-0700 (Pacific Daylight Time)
[debug] [2019-08-05T06:17:30.147Z] ----------------------------------------------------------------------
[debug] 
[debug] [2019-08-05T06:17:30.178Z] > command requires scopes: ["email","openid","https://www.googleapis.com/auth/cloudplatformprojects.readonly","https://www.googleapis.com/auth/firebase","https://www.googleapis.com/auth/cloud-platform"]
[debug] [2019-08-05T06:17:30.178Z] > authorizing via signed-in user
[debug] [2019-08-05T06:17:30.178Z] [iam] checking project aquacare-3cdce for permissions ["cloudfunctions.functions.create","cloudfunctions.functions.delete","cloudfunctions.functions.get","cloudfunctions.functions.list","cloudfunctions.functions.update","cloudfunctions.operations.get","datastore.indexes.create","datastore.indexes.delete","datastore.indexes.list","datastore.indexes.update","firebase.projects.get","firebasedatabase.instances.update","firebasehosting.sites.update","firebaserules.releases.create","firebaserules.releases.update","firebaserules.rulesets.create"]
[debug] [2019-08-05T06:17:30.181Z] > refreshing access token with scopes: ["email","https://www.googleapis.com/auth/cloud-platform","https://www.googleapis.com/auth/cloudplatformprojects.readonly","https://www.googleapis.com/auth/firebase","openid"]
[debug] [2019-08-05T06:17:30.182Z] >>> HTTP REQUEST POST https://www.googleapis.com/oauth2/v3/token  
 <request body omitted>
[debug] [2019-08-05T06:17:31.833Z] <<< HTTP RESPONSE 200
[debug] [2019-08-05T06:17:31.844Z] >>> HTTP REQUEST POST https://cloudresourcemanager.googleapis.com/v1/projects/aquacare-3cdce:testIamPermissions  

[debug] [2019-08-05T06:17:35.805Z] <<< HTTP RESPONSE 200
[debug] [2019-08-05T06:17:35.811Z] >>> HTTP REQUEST GET https://firebase.googleapis.com/v1beta1/projects/aquacare-3cdce  
 
[debug] [2019-08-05T06:17:36.656Z] <<< HTTP RESPONSE 200
[info] 
[info] === Deploying to 'aquacare-3cdce'...
[info] 
[info] i  deploying database, storage, firestore, functions, hosting
[info] i  database: checking rules syntax...
[debug] [2019-08-05T06:17:41.175Z] >>> HTTP REQUEST PUT https://aquacare-3cdce.firebaseio.com/.settings/rules.json?dryRun=true  
 {
  /* Visit https://firebase.google.com/docs/database/security to learn more about security rules. */
  "rules": {
    ".read": false,
    ".write": false
  }
}
[debug] [2019-08-05T06:17:42.138Z] <<< HTTP RESPONSE 200
[info] ✔  database: rules syntax for database aquacare-3cdce is valid
[debug] [2019-08-05T06:17:42.140Z] >>> HTTP REQUEST GET https://appengine.googleapis.com/v1/apps/aquacare-3cdce  
 
[debug] [2019-08-05T06:17:43.669Z] <<< HTTP RESPONSE 200
[info] i  storage: checking storage.rules for compilation errors...
[debug] [2019-08-05T06:17:43.686Z] >>> HTTP REQUEST POST https://firebaserules.googleapis.com/v1/projects/aquacare-3cdce:test  

[debug] [2019-08-05T06:17:44.906Z] <<< HTTP RESPONSE 200
[info] ✔  storage: rules file storage.rules compiled successfully
[info] i  firestore: checking firestore.rules for compilation errors...
[info] i  firestore: reading indexes from firestore.indexes.json...
[debug] [2019-08-05T06:17:44.916Z] >>> HTTP REQUEST POST https://firebaserules.googleapis.com/v1/projects/aquacare-3cdce:test  

[debug] [2019-08-05T06:17:46.356Z] <<< HTTP RESPONSE 200
[info] ✔  firestore: rules file firestore.rules compiled successfully
[debug] [2019-08-05T06:17:46.364Z] > [functions] package.json contents: {
  "name": "functions",
  "description": "Cloud Functions for Firebase",
  "scripts": {
    "serve": "firebase serve --only functions",
    "shell": "firebase functions:shell",
    "start": "npm run shell",
    "deploy": "firebase deploy --only functions",
    "logs": "firebase functions:log"
  },
  "engines": {
    "node": "8"
  },
  "dependencies": {
    "firebase-admin": "~7.0.0",
    "firebase-functions": "^3.2.0"
  },
  "devDependencies": {
    "firebase-functions-test": "^0.1.6"
  },
  "private": true
}
[info] i  functions: ensuring necessary APIs are enabled...
[debug] [2019-08-05T06:17:46.368Z] >>> HTTP REQUEST GET https://serviceusage.googleapis.com/v1/projects/aquacare-3cdce/services/cloudfunctions.googleapis.com  
 
[debug] [2019-08-05T06:17:46.370Z] >>> HTTP REQUEST GET https://serviceusage.googleapis.com/v1/projects/aquacare-3cdce/services/runtimeconfig.googleapis.com  
 
[debug] [2019-08-05T06:17:47.704Z] <<< HTTP RESPONSE 200
[debug] [2019-08-05T06:17:47.818Z] <<< HTTP RESPONSE 200
[info] ✔  functions: all necessary APIs are enabled
[debug] [2019-08-05T06:17:47.823Z] >>> HTTP REQUEST GET https://firebase.googleapis.com/v1beta1/projects/aquacare-3cdce/adminSdkConfig  
 
[debug] [2019-08-05T06:17:48.502Z] <<< HTTP RESPONSE 200
[debug] [2019-08-05T06:17:48.508Z] >>> HTTP REQUEST POST https://firebasehosting.googleapis.com/v1beta1/sites/aquacare-3cdce/versions  

[debug] [2019-08-05T06:17:50.727Z] <<< HTTP RESPONSE 200
[info] i  storage: uploading rules storage.rules...
[debug] [2019-08-05T06:17:50.733Z] >>> HTTP REQUEST POST https://firebaserules.googleapis.com/v1/projects/aquacare-3cdce/rulesets  

[debug] [2019-08-05T06:17:52.314Z] <<< HTTP RESPONSE 200
[debug] [2019-08-05T06:17:52.316Z] [rules] created ruleset projects/aquacare-3cdce/rulesets/dd0c036e-4f9c-4a81-991f-80d73d843ca3
[info] i  firestore: uploading rules firestore.rules...
[debug] [2019-08-05T06:17:52.321Z] >>> HTTP REQUEST POST https://firebaserules.googleapis.com/v1/projects/aquacare-3cdce/rulesets  

[debug] [2019-08-05T06:17:52.322Z] >>> HTTP REQUEST GET https://firestore.googleapis.com/v1beta2/projects/aquacare-3cdce/databases/(default)/collectionGroups/-/indexes  
 
[debug] [2019-08-05T06:17:53.950Z] <<< HTTP RESPONSE 200
[debug] [2019-08-05T06:17:53.952Z] [rules] created ruleset projects/aquacare-3cdce/rulesets/ecd40427-9243-4230-b862-49f9f20c1e4f
[debug] [2019-08-05T06:17:53.954Z] <<< HTTP RESPONSE 200
[debug] [2019-08-05T06:17:53.956Z] >>> HTTP REQUEST GET https://firestore.googleapis.com/v1beta2/projects/aquacare-3cdce/databases/(default)/collectionGroups/-/fields?filter=indexConfig.usesAncestorConfig=false  
 
[debug] [2019-08-05T06:17:55.362Z] <<< HTTP RESPONSE 200
[info] ✔  firestore: deployed indexes in firestore.indexes.json successfully
[info] i  functions: preparing functions directory for uploading...
[debug] [2019-08-05T06:17:55.375Z] >>> HTTP REQUEST GET https://runtimeconfig.googleapis.com/v1beta1/projects/aquacare-3cdce/configs  
 
[debug] [2019-08-05T06:17:57.003Z] <<< HTTP RESPONSE 200
[info] i  hosting[aquacare-3cdce]: beginning deploy...
[info] i  hosting[aquacare-3cdce]: found 18 files in dist
[debug] [2019-08-05T06:17:58.130Z] [hosting] hash cache [ZGlzdA] load error: lines is not defined
[debug] [2019-08-05T06:18:00.584Z] [hosting] hash cache [ZGlzdA] stored for 18 files
[debug] [2019-08-05T06:18:00.585Z] [hosting][hash queue][FINAL]
[debug] [2019-08-05T06:18:00.585Z] >>> HTTP REQUEST POST https://firebasehosting.googleapis.com/v1beta1/sites/aquacare-3cdce/versions/78501bb9b8fd0240:populateFiles  
 <request body omitted>
[debug] [2019-08-05T06:18:02.468Z] <<< HTTP RESPONSE 200
[debug] [2019-08-05T06:18:02.485Z] [hosting][populate queue][FINAL]
[debug] [2019-08-05T06:18:02.485Z] [hosting] uploads queued: 4
[debug] [2019-08-05T06:18:06.024Z] [hosting][upload queue][FINAL]
[info] ✔  hosting[aquacare-3cdce]: file upload complete
[debug] [2019-08-05T06:18:06.034Z] [hosting] deploy completed after 7927ms
[info] i  database: releasing rules...
[debug] [2019-08-05T06:18:06.039Z] >>> HTTP REQUEST PUT https://aquacare-3cdce.firebaseio.com/.settings/rules.json  
 {
  /* Visit https://firebase.google.com/docs/database/security to learn more about security rules. */
  "rules": {
    ".read": false,
    ".write": false
  }
}
[debug] [2019-08-05T06:18:07.123Z] <<< HTTP RESPONSE 200
[info] ✔  database: rules for database aquacare-3cdce released successfully
[debug] [2019-08-05T06:18:07.128Z] [rules] releasing firebase.storage/aquacare-3cdce.appspot.com with ruleset projects/aquacare-3cdce/rulesets/dd0c036e-4f9c-4a81-991f-80d73d843ca3
[debug] [2019-08-05T06:18:07.130Z] >>> HTTP REQUEST PATCH https://firebaserules.googleapis.com/v1/projects/aquacare-3cdce/releases/firebase.storage/aquacare-3cdce.appspot.com  

[debug] [2019-08-05T06:18:08.674Z] <<< HTTP RESPONSE 200
[debug] [2019-08-05T06:18:08.675Z] [rules] updated release projects/aquacare-3cdce/releases/firebase.storage/aquacare-3cdce.appspot.com
[info] ✔  storage: released rules storage.rules to firebase.storage/aquacare-3cdce.appspot.com
[debug] [2019-08-05T06:18:08.676Z] [rules] releasing cloud.firestore with ruleset projects/aquacare-3cdce/rulesets/ecd40427-9243-4230-b862-49f9f20c1e4f
[debug] [2019-08-05T06:18:08.677Z] >>> HTTP REQUEST PATCH https://firebaserules.googleapis.com/v1/projects/aquacare-3cdce/releases/cloud.firestore  

[debug] [2019-08-05T06:18:10.313Z] <<< HTTP RESPONSE 200
[debug] [2019-08-05T06:18:10.315Z] [rules] updated release projects/aquacare-3cdce/releases/cloud.firestore
[info] ✔  firestore: released rules firestore.rules to cloud.firestore
[debug] [2019-08-05T06:18:10.319Z] >>> HTTP REQUEST GET https://cloudfunctions.googleapis.com/v1/projects/aquacare-3cdce/locations/-/functions  
 
[debug] [2019-08-05T06:18:11.422Z] <<< HTTP RESPONSE 200
[debug] [2019-08-05T06:18:11.439Z] >>> HTTP REQUEST GET https://serviceusage.googleapis.com/v1/projects/aquacare-3cdce/services/cloudscheduler.googleapis.com  
 
[debug] [2019-08-05T06:18:15.491Z] <<< HTTP RESPONSE 200
[debug] [2019-08-05T06:18:15.496Z] [
  {
    "config": {
      "public": "dist",
      "ignore": [
        "firebase.json",
        "**/.*",
        "**/node_modules/**"
      ],
      "rewrites": [
        {
          "source": "**",
          "destination": "/index.html"
        }
      ],
      "site": "aquacare-3cdce"
    },
    "site": "aquacare-3cdce",
    "version": "sites/aquacare-3cdce/versions/78501bb9b8fd0240"
  }
]
[info] i  hosting[aquacare-3cdce]: finalizing version...
[debug] [2019-08-05T06:18:15.497Z] >>> HTTP REQUEST PATCH https://firebasehosting.googleapis.com/v1beta1/sites/aquacare-3cdce/versions/78501bb9b8fd0240?updateMask=status  

